#
# There is insufficient memory for the Java Runtime Environment to continue.
# Native memory allocation (mmap) failed to map 31457280 bytes for G1 virtual space
# Possible reasons:
#   The system is out of physical RAM or swap space
#   The process is running with CompressedOops enabled, and the Java Heap may be blocking the growth of the native heap
# Possible solutions:
#   Reduce memory load on the system
#   Increase physical memory or swap space
#   Check if swap backing store is full
#   Decrease Java heap size (-Xmx/-Xms)
#   Decrease number of Java threads
#   Decrease Java thread stack sizes (-Xss)
#   Set larger code cache with -XX:ReservedCodeCacheSize=
#   JVM is running with Unscaled Compressed Oops mode in which the Java heap is
#     placed in the first 4GB address space. The Java Heap base address is the
#     maximum limit for the native heap growth. Please use -XX:HeapBaseMinAddress
#     to set the Java Heap base and to place the Java Heap above 4GB virtual address.
# This output file may be truncated or incomplete.
#
#  Out of Memory Error (os_windows.cpp:3532), pid=5652, tid=4628
#
# JRE version: OpenJDK Runtime Environment (17.0.2+8) (build 17.0.2+8-86)
# Java VM: OpenJDK 64-Bit Server VM (17.0.2+8-86, mixed mode, sharing, tiered, compressed oops, compressed class ptrs, g1 gc, windows-amd64)
# No core dump will be written. Minidumps are not enabled by default on client versions of Windows
#

---------------  S U M M A R Y ------------

Command Line: -javaagent:C:\Program Files\JetBrains\IntelliJ IDEA Community Edition 2021.3.2\lib\idea_rt.jar=49506:C:\Program Files\JetBrains\IntelliJ IDEA Community Edition 2021.3.2\bin -Dfile.encoding=UTF-8 com.example.userservice.UserserviceApplication

Host: Intel(R) Core(TM) i5-7200U CPU @ 2.50GHz, 4 cores, 7G,  Windows 10 , 64 bit Build 19041 (10.0.19041.1503)
Time: Sun Mar  6 18:16:27 2022 Afr. centrale Ouest elapsed time: 179578.133371 seconds (2d 1h 52m 58s)

---------------  T H R E A D  ---------------

Current thread (0x000002cf283078d0):  VMThread "VM Thread" [stack: 0x000000e75ea00000,0x000000e75eb00000] [id=4628]

Stack: [0x000000e75ea00000,0x000000e75eb00000]
Native frames: (J=compiled Java code, j=interpreted, Vv=VM code, C=native code)
V  [jvm.dll+0x670baa]
V  [jvm.dll+0x7cfcb4]
V  [jvm.dll+0x7d145e]
V  [jvm.dll+0x7d1ac3]
V  [jvm.dll+0x242bc5]
V  [jvm.dll+0x66dac9]
V  [jvm.dll+0x662412]
V  [jvm.dll+0x300c0b]
V  [jvm.dll+0x3081a6]
V  [jvm.dll+0x357d0e]
V  [jvm.dll+0x357f3f]
V  [jvm.dll+0x2d7ec8]
V  [jvm.dll+0x2d6194]
V  [jvm.dll+0x2d579c]
V  [jvm.dll+0x3190eb]
V  [jvm.dll+0x7d5f9b]
V  [jvm.dll+0x7d6cd4]
V  [jvm.dll+0x7d71ec]
V  [jvm.dll+0x7d75c4]
V  [jvm.dll+0x7d7690]
V  [jvm.dll+0x77ff7a]
V  [jvm.dll+0x66fa35]
C  [ucrtbase.dll+0x21bb2]
C  [KERNEL32.DLL+0x17034]
C  [ntdll.dll+0x52651]

VM_Operation (0x000000e75fffedc0): G1CollectForAllocation, mode: safepoint, requested by thread 0x000002cf2a53cf20


---------------  P R O C E S S  ---------------

Threads class SMR info:
_java_thread_list=0x000002cf2a514930, length=31, elements={
0x000002cf2830e880, 0x000002cf2830f6f0, 0x000002cf28321de0, 0x000002cf283246b0,
0x000002cf28325060, 0x000002cf28325a10, 0x000002cf283267a0, 0x000002cf2838fd10,
0x000002cf28390310, 0x000002cf283be990, 0x000002cf28ebecc0, 0x000002cf28ebf190,
0x000002cf2a53cf20, 0x000002cf2de078d0, 0x000002cf2a471140, 0x000002cf2ddee0c0,
0x000002cf2c0e6370, 0x000002cf2a7c24b0, 0x000002cf2a7c1640, 0x000002cf2a7c2e50,
0x000002cf2a7c2980, 0x000002cf2a7c1b10, 0x000002cf2a7c1fe0, 0x000002cf2a9b9d70,
0x000002cf2a9ba710, 0x000002cf2a9bcd90, 0x000002cf2a9c0750, 0x000002cf2a9be0d0,
0x000002cf2a9bf8e0, 0x000002cf2a9bf410, 0x000002cf2a9bd260
}

Java Threads: ( => current thread )
  0x000002cf2830e880 JavaThread "Reference Handler" daemon [_thread_blocked, id=8824, stack(0x000000e75eb00000,0x000000e75ec00000)]
  0x000002cf2830f6f0 JavaThread "Finalizer" daemon [_thread_blocked, id=17452, stack(0x000000e75ec00000,0x000000e75ed00000)]
  0x000002cf28321de0 JavaThread "Signal Dispatcher" daemon [_thread_blocked, id=7808, stack(0x000000e75ed00000,0x000000e75ee00000)]
  0x000002cf283246b0 JavaThread "Attach Listener" daemon [_thread_blocked, id=11068, stack(0x000000e75ee00000,0x000000e75ef00000)]
  0x000002cf28325060 JavaThread "Service Thread" daemon [_thread_blocked, id=7308, stack(0x000000e75ef00000,0x000000e75f000000)]
  0x000002cf28325a10 JavaThread "Monitor Deflation Thread" daemon [_thread_blocked, id=12460, stack(0x000000e75f000000,0x000000e75f100000)]
  0x000002cf283267a0 JavaThread "C2 CompilerThread0" daemon [_thread_blocked, id=3644, stack(0x000000e75f100000,0x000000e75f200000)]
  0x000002cf2838fd10 JavaThread "C1 CompilerThread0" daemon [_thread_blocked, id=17792, stack(0x000000e75f200000,0x000000e75f300000)]
  0x000002cf28390310 JavaThread "Sweeper thread" daemon [_thread_blocked, id=4376, stack(0x000000e75f300000,0x000000e75f400000)]
  0x000002cf283be990 JavaThread "Common-Cleaner" daemon [_thread_blocked, id=6088, stack(0x000000e75f400000,0x000000e75f500000)]
  0x000002cf28ebecc0 JavaThread "Monitor Ctrl-Break" daemon [_thread_in_native, id=4856, stack(0x000000e75f600000,0x000000e75f700000)]
  0x000002cf28ebf190 JavaThread "Notification Thread" daemon [_thread_blocked, id=15140, stack(0x000000e75f700000,0x000000e75f800000)]
  0x000002cf2a53cf20 JavaThread "Catalina-utility-1" [_thread_blocked, id=15824, stack(0x000000e75ff00000,0x000000e760000000)]
  0x000002cf2de078d0 JavaThread "Catalina-utility-2" [_thread_blocked, id=11140, stack(0x000000e760000000,0x000000e760100000)]
  0x000002cf2a471140 JavaThread "container-0" [_thread_blocked, id=14380, stack(0x000000e760100000,0x000000e760200000)]
  0x000002cf2ddee0c0 JavaThread "mysql-cj-abandoned-connection-cleanup" daemon [_thread_blocked, id=16080, stack(0x000000e760200000,0x000000e760300000)]
  0x000002cf2c0e6370 JavaThread "HikariPool-1 housekeeper" daemon [_thread_blocked, id=9648, stack(0x000000e760400000,0x000000e760500000)]
  0x000002cf2a7c24b0 JavaThread "File Watcher" daemon [_thread_blocked, id=3788, stack(0x000000e760500000,0x000000e760600000)]
  0x000002cf2a7c1640 JavaThread "http-nio-8083-Poller" daemon [_thread_blocked, id=9280, stack(0x000000e760600000,0x000000e760700000)]
  0x000002cf2a7c2e50 JavaThread "http-nio-8083-Acceptor" daemon [_thread_in_native, id=5824, stack(0x000000e760700000,0x000000e760800000)]
  0x000002cf2a7c2980 JavaThread "DestroyJavaVM" [_thread_blocked, id=17076, stack(0x000000e75e400000,0x000000e75e500000)]
  0x000002cf2a7c1b10 JavaThread "http-nio-8083-exec-1" daemon [_thread_blocked, id=11432, stack(0x000000e75e200000,0x000000e75e300000)]
  0x000002cf2a7c1fe0 JavaThread "http-nio-8083-exec-2" daemon [_thread_blocked, id=15508, stack(0x000000e75e300000,0x000000e75e400000)]
  0x000002cf2a9b9d70 JavaThread "http-nio-8083-exec-3" daemon [_thread_blocked, id=8980, stack(0x000000e75fe00000,0x000000e75ff00000)]
  0x000002cf2a9ba710 JavaThread "http-nio-8083-exec-4" daemon [_thread_blocked, id=8000, stack(0x000000e760300000,0x000000e760400000)]
  0x000002cf2a9bcd90 JavaThread "http-nio-8083-exec-5" daemon [_thread_blocked, id=5932, stack(0x000000e760800000,0x000000e760900000)]
  0x000002cf2a9c0750 JavaThread "http-nio-8083-exec-6" daemon [_thread_blocked, id=13420, stack(0x000000e760900000,0x000000e760a00000)]
  0x000002cf2a9be0d0 JavaThread "http-nio-8083-exec-7" daemon [_thread_blocked, id=17060, stack(0x000000e760a00000,0x000000e760b00000)]
  0x000002cf2a9bf8e0 JavaThread "http-nio-8083-exec-8" daemon [_thread_blocked, id=14404, stack(0x000000e760b00000,0x000000e760c00000)]
  0x000002cf2a9bf410 JavaThread "http-nio-8083-exec-9" daemon [_thread_blocked, id=12208, stack(0x000000e760c00000,0x000000e760d00000)]
  0x000002cf2a9bd260 JavaThread "http-nio-8083-exec-10" daemon [_thread_blocked, id=11272, stack(0x000000e760d00000,0x000000e760e00000)]

Other Threads:
=>0x000002cf283078d0 VMThread "VM Thread" [stack: 0x000000e75ea00000,0x000000e75eb00000] [id=4628]
  0x000002cf08be6e60 WatcherThread [stack: 0x000000e75f800000,0x000000e75f900000] [id=17916]
  0x000002cf08c26910 GCTaskThread "GC Thread#0" [stack: 0x000000e75e500000,0x000000e75e600000] [id=17864]
  0x000002cf2966b320 GCTaskThread "GC Thread#1" [stack: 0x000000e75f900000,0x000000e75fa00000] [id=6352]
  0x000002cf2965a470 GCTaskThread "GC Thread#2" [stack: 0x000000e75fa00000,0x000000e75fb00000] [id=13636]
  0x000002cf29754ce0 GCTaskThread "GC Thread#3" [stack: 0x000000e75fb00000,0x000000e75fc00000] [id=12200]
  0x000002cf08c37450 ConcurrentGCThread "G1 Main Marker" [stack: 0x000000e75e600000,0x000000e75e700000] [id=10172]
  0x000002cf08c37e60 ConcurrentGCThread "G1 Conc#0" [stack: 0x000000e75e700000,0x000000e75e800000] [id=17640]
  0x000002cf08cad530 ConcurrentGCThread "G1 Refine#0" [stack: 0x000000e75e800000,0x000000e75e900000] [id=1916]
  0x000002cf29658e50 ConcurrentGCThread "G1 Refine#1" [stack: 0x000000e75fc00000,0x000000e75fd00000] [id=12992]
  0x000002cf08cadf50 ConcurrentGCThread "G1 Service" [stack: 0x000000e75e900000,0x000000e75ea00000] [id=13064]

Threads with active compile tasks:

VM state: at safepoint (normal execution)

VM Mutex/Monitor currently owned by a thread:  ([mutex/lock_event])
[0x000002cf08be26d0] Threads_lock - owner thread: 0x000002cf283078d0
[0x000002cf08be2010] Heap_lock - owner thread: 0x000002cf2a53cf20

Heap address: 0x0000000082000000, size: 2016 MB, Compressed Oops mode: 32-bit

CDS archive(s) mapped at: [0x0000000800000000-0x0000000800bc0000-0x0000000800bc0000), size 12320768, SharedBaseAddress: 0x0000000800000000, ArchiveRelocationMode: 0.
Compressed class space mapped at: 0x0000000800c00000-0x0000000840c00000, reserved size: 1073741824
Narrow klass base: 0x0000000800000000, Narrow klass shift: 0, Narrow klass range: 0x100000000

GC Precious Log:
 CPUs: 4 total, 4 available
 Memory: 8057M
 Large Page Support: Disabled
 NUMA Support: Disabled
 Compressed Oops: Enabled (32-bit)
 Heap Region Size: 1M
 Heap Min Capacity: 8M
 Heap Initial Capacity: 126M
 Heap Max Capacity: 2016M
 Pre-touch: Disabled
 Parallel Workers: 4
 Concurrent Workers: 1
 Concurrent Refinement Workers: 4
 Periodic GC: Disabled

Heap:
 garbage-first heap   total 129024K, used 25647K [0x0000000082000000, 0x0000000100000000)
  region size 1024K, 1 young (1024K), 1 survivors (1024K)
 Metaspace       used 64709K, committed 65152K, reserved 1105920K
  class space    used 8414K, committed 8640K, reserved 1048576K

Heap Regions: E=young(eden), S=young(survivor), O=old, HS=humongous(starts), HC=humongous(continues), CS=collection set, F=free, OA=open archive, CA=closed archive, TAMS=top-at-mark-start (previous, next)
|   0|0x0000000082000000, 0x0000000082100000, 0x0000000082100000|100%|HS|  |TAMS 0x0000000082100000, 0x0000000082100000| Complete 
|   1|0x0000000082100000, 0x0000000082200000, 0x0000000082200000|100%| O|  |TAMS 0x0000000082200000, 0x0000000082200000| Untracked 
|   2|0x0000000082200000, 0x0000000082300000, 0x0000000082300000|100%| O|  |TAMS 0x0000000082300000, 0x0000000082300000| Untracked 
|   3|0x0000000082300000, 0x0000000082400000, 0x0000000082400000|100%| O|  |TAMS 0x0000000082400000, 0x0000000082400000| Untracked 
|   4|0x0000000082400000, 0x0000000082500000, 0x0000000082500000|100%| O|  |TAMS 0x0000000082500000, 0x0000000082500000| Untracked 
|   5|0x0000000082500000, 0x0000000082600000, 0x0000000082600000|100%| O|  |TAMS 0x0000000082600000, 0x0000000082600000| Untracked 
|   6|0x0000000082600000, 0x0000000082700000, 0x0000000082700000|100%| O|  |TAMS 0x0000000082700000, 0x0000000082700000| Untracked 
|   7|0x0000000082700000, 0x0000000082800000, 0x0000000082800000|100%| O|  |TAMS 0x0000000082800000, 0x0000000082800000| Untracked 
|   8|0x0000000082800000, 0x0000000082800000, 0x0000000082900000|  0%| F|  |TAMS 0x0000000082800000, 0x0000000082800000| Untracked 
|   9|0x0000000082900000, 0x0000000082a00000, 0x0000000082a00000|100%| O|  |TAMS 0x0000000082a00000, 0x0000000082a00000| Untracked 
|  10|0x0000000082a00000, 0x0000000082b00000, 0x0000000082b00000|100%| O|  |TAMS 0x0000000082b00000, 0x0000000082b00000| Untracked 
|  11|0x0000000082b00000, 0x0000000082c00000, 0x0000000082c00000|100%| O|  |TAMS 0x0000000082c00000, 0x0000000082c00000| Untracked 
|  12|0x0000000082c00000, 0x0000000082d00000, 0x0000000082d00000|100%| O|  |TAMS 0x0000000082d00000, 0x0000000082d00000| Untracked 
|  13|0x0000000082d00000, 0x0000000082e00000, 0x0000000082e00000|100%| O|  |TAMS 0x0000000082df0a00, 0x0000000082e00000| Untracked 
|  14|0x0000000082e00000, 0x0000000082f00000, 0x0000000082f00000|100%| O|  |TAMS 0x0000000082f00000, 0x0000000082f00000| Untracked 
|  15|0x0000000082f00000, 0x0000000083000000, 0x0000000083000000|100%| O|  |TAMS 0x0000000083000000, 0x0000000083000000| Untracked 
|  16|0x0000000083000000, 0x0000000083100000, 0x0000000083100000|100%| O|  |TAMS 0x0000000083100000, 0x0000000083100000| Untracked 
|  17|0x0000000083100000, 0x0000000083200000, 0x0000000083200000|100%| O|  |TAMS 0x0000000083200000, 0x0000000083200000| Untracked 
|  18|0x0000000083200000, 0x0000000083300000, 0x0000000083300000|100%| O|  |TAMS 0x0000000083300000, 0x0000000083300000| Untracked 
|  19|0x0000000083300000, 0x0000000083400000, 0x0000000083400000|100%| O|  |TAMS 0x0000000083400000, 0x0000000083400000| Untracked 
|  20|0x0000000083400000, 0x0000000083500000, 0x0000000083500000|100%| O|  |TAMS 0x0000000083500000, 0x0000000083500000| Untracked 
|  21|0x0000000083500000, 0x0000000083571c00, 0x0000000083600000| 44%| O|  |TAMS 0x0000000083500000, 0x0000000083571c00| Untracked 
|  22|0x0000000083600000, 0x0000000083600000, 0x0000000083700000|  0%| F|  |TAMS 0x0000000083600000, 0x0000000083600000| Untracked 
|  23|0x0000000083700000, 0x0000000083700000, 0x0000000083800000|  0%| F|  |TAMS 0x0000000083700000, 0x0000000083700000| Untracked 
|  24|0x0000000083800000, 0x0000000083800000, 0x0000000083900000|  0%| F|  |TAMS 0x0000000083800000, 0x0000000083800000| Untracked 
|  25|0x0000000083900000, 0x0000000083900000, 0x0000000083a00000|  0%| F|  |TAMS 0x0000000083900000, 0x0000000083900000| Untracked 
|  26|0x0000000083a00000, 0x0000000083a00000, 0x0000000083b00000|  0%| F|  |TAMS 0x0000000083a00000, 0x0000000083a00000| Untracked 
|  27|0x0000000083b00000, 0x0000000083c00000, 0x0000000083c00000|100%| O|  |TAMS 0x0000000083c00000, 0x0000000083c00000| Untracked 
|  28|0x0000000083c00000, 0x0000000083d00000, 0x0000000083d00000|100%| O|  |TAMS 0x0000000083d00000, 0x0000000083d00000| Untracked 
|  29|0x0000000083d00000, 0x0000000083d9a3d0, 0x0000000083e00000| 60%| S|CS|TAMS 0x0000000083d00000, 0x0000000083d00000| Complete 
|  30|0x0000000083e00000, 0x0000000083f00000, 0x0000000083f00000|100%| O|  |TAMS 0x0000000083f00000, 0x0000000083f00000| Untracked 
|  31|0x0000000083f00000, 0x0000000084000000, 0x0000000084000000|100%| O|  |TAMS 0x0000000084000000, 0x0000000084000000| Untracked 
|  32|0x0000000084000000, 0x0000000084000000, 0x0000000084100000|  0%| F|  |TAMS 0x0000000084000000, 0x0000000084000000| Untracked 
|  33|0x0000000084100000, 0x0000000084100000, 0x0000000084200000|  0%| F|  |TAMS 0x0000000084100000, 0x0000000084100000| Untracked 
|  34|0x0000000084200000, 0x0000000084200000, 0x0000000084300000|  0%| F|  |TAMS 0x0000000084200000, 0x0000000084200000| Untracked 
|  35|0x0000000084300000, 0x0000000084300000, 0x0000000084400000|  0%| F|  |TAMS 0x0000000084300000, 0x0000000084300000| Untracked 
|  36|0x0000000084400000, 0x0000000084400000, 0x0000000084500000|  0%| F|  |TAMS 0x0000000084400000, 0x0000000084400000| Untracked 
|  37|0x0000000084500000, 0x0000000084500000, 0x0000000084600000|  0%| F|  |TAMS 0x0000000084500000, 0x0000000084500000| Untracked 
|  38|0x0000000084600000, 0x0000000084600000, 0x0000000084700000|  0%| F|  |TAMS 0x0000000084600000, 0x0000000084600000| Untracked 
|  39|0x0000000084700000, 0x0000000084700000, 0x0000000084800000|  0%| F|  |TAMS 0x0000000084700000, 0x0000000084700000| Untracked 
|  40|0x0000000084800000, 0x0000000084800000, 0x0000000084900000|  0%| F|  |TAMS 0x0000000084800000, 0x0000000084800000| Untracked 
|  41|0x0000000084900000, 0x0000000084900000, 0x0000000084a00000|  0%| F|  |TAMS 0x0000000084900000, 0x0000000084900000| Untracked 
|  42|0x0000000084a00000, 0x0000000084a00000, 0x0000000084b00000|  0%| F|  |TAMS 0x0000000084a00000, 0x0000000084a00000| Untracked 
|  43|0x0000000084b00000, 0x0000000084b00000, 0x0000000084c00000|  0%| F|  |TAMS 0x0000000084b00000, 0x0000000084b00000| Untracked 
|  44|0x0000000084c00000, 0x0000000084c00000, 0x0000000084d00000|  0%| F|  |TAMS 0x0000000084c00000, 0x0000000084c00000| Untracked 
|  45|0x0000000084d00000, 0x0000000084d00000, 0x0000000084e00000|  0%| F|  |TAMS 0x0000000084d00000, 0x0000000084d00000| Untracked 
|  46|0x0000000084e00000, 0x0000000084e00000, 0x0000000084f00000|  0%| F|  |TAMS 0x0000000084e00000, 0x0000000084e00000| Untracked 
|  47|0x0000000084f00000, 0x0000000084f00000, 0x0000000085000000|  0%| F|  |TAMS 0x0000000084f00000, 0x0000000084f00000| Untracked 
|  48|0x0000000085000000, 0x0000000085000000, 0x0000000085100000|  0%| F|  |TAMS 0x0000000085000000, 0x0000000085000000| Untracked 
|  49|0x0000000085100000, 0x0000000085100000, 0x0000000085200000|  0%| F|  |TAMS 0x0000000085100000, 0x0000000085100000| Untracked 
|  50|0x0000000085200000, 0x0000000085200000, 0x0000000085300000|  0%| F|  |TAMS 0x0000000085200000, 0x0000000085200000| Untracked 
|  51|0x0000000085300000, 0x0000000085300000, 0x0000000085400000|  0%| F|  |TAMS 0x0000000085300000, 0x0000000085300000| Untracked 
|  52|0x0000000085400000, 0x0000000085400000, 0x0000000085500000|  0%| F|  |TAMS 0x0000000085400000, 0x0000000085400000| Untracked 
|  53|0x0000000085500000, 0x0000000085500000, 0x0000000085600000|  0%| F|  |TAMS 0x0000000085500000, 0x0000000085500000| Untracked 
|  54|0x0000000085600000, 0x0000000085600000, 0x0000000085700000|  0%| F|  |TAMS 0x0000000085600000, 0x0000000085600000| Untracked 
|  55|0x0000000085700000, 0x0000000085700000, 0x0000000085800000|  0%| F|  |TAMS 0x0000000085700000, 0x0000000085700000| Untracked 
|  56|0x0000000085800000, 0x0000000085800000, 0x0000000085900000|  0%| F|  |TAMS 0x0000000085800000, 0x0000000085800000| Untracked 
|  57|0x0000000085900000, 0x0000000085900000, 0x0000000085a00000|  0%| F|  |TAMS 0x0000000085900000, 0x0000000085900000| Untracked 
|  58|0x0000000085a00000, 0x0000000085a00000, 0x0000000085b00000|  0%| F|  |TAMS 0x0000000085a00000, 0x0000000085a00000| Untracked 
|  59|0x0000000085b00000, 0x0000000085b00000, 0x0000000085c00000|  0%| F|  |TAMS 0x0000000085b00000, 0x0000000085b00000| Untracked 
|  60|0x0000000085c00000, 0x0000000085c00000, 0x0000000085d00000|  0%| F|  |TAMS 0x0000000085c00000, 0x0000000085c00000| Untracked 
|  61|0x0000000085d00000, 0x0000000085d00000, 0x0000000085e00000|  0%| F|  |TAMS 0x0000000085d00000, 0x0000000085d00000| Untracked 
|  62|0x0000000085e00000, 0x0000000085e00000, 0x0000000085f00000|  0%| F|  |TAMS 0x0000000085e00000, 0x0000000085e00000| Untracked 
|  63|0x0000000085f00000, 0x0000000085f00000, 0x0000000086000000|  0%| F|  |TAMS 0x0000000085f00000, 0x0000000085f00000| Untracked 
|  64|0x0000000086000000, 0x0000000086000000, 0x0000000086100000|  0%| F|  |TAMS 0x0000000086000000, 0x0000000086000000| Untracked 
|  65|0x0000000086100000, 0x0000000086100000, 0x0000000086200000|  0%| F|  |TAMS 0x0000000086100000, 0x0000000086100000| Untracked 
|  66|0x0000000086200000, 0x0000000086200000, 0x0000000086300000|  0%| F|  |TAMS 0x0000000086200000, 0x0000000086200000| Untracked 
|  67|0x0000000086300000, 0x0000000086300000, 0x0000000086400000|  0%| F|  |TAMS 0x0000000086300000, 0x0000000086300000| Untracked 
|  68|0x0000000086400000, 0x0000000086400000, 0x0000000086500000|  0%| F|  |TAMS 0x0000000086400000, 0x0000000086400000| Untracked 
|  69|0x0000000086500000, 0x0000000086500000, 0x0000000086600000|  0%| F|  |TAMS 0x0000000086500000, 0x0000000086500000| Untracked 
|  70|0x0000000086600000, 0x0000000086600000, 0x0000000086700000|  0%| F|  |TAMS 0x0000000086600000, 0x0000000086600000| Untracked 
|  71|0x0000000086700000, 0x0000000086700000, 0x0000000086800000|  0%| F|  |TAMS 0x0000000086700000, 0x0000000086700000| Untracked 
|  72|0x0000000086800000, 0x0000000086800000, 0x0000000086900000|  0%| F|  |TAMS 0x0000000086800000, 0x0000000086800000| Untracked 
|  73|0x0000000086900000, 0x0000000086900000, 0x0000000086a00000|  0%| F|  |TAMS 0x0000000086900000, 0x0000000086900000| Untracked 
|  74|0x0000000086a00000, 0x0000000086a00000, 0x0000000086b00000|  0%| F|  |TAMS 0x0000000086a00000, 0x0000000086a00000| Untracked 
|  75|0x0000000086b00000, 0x0000000086b00000, 0x0000000086c00000|  0%| F|  |TAMS 0x0000000086b00000, 0x0000000086b00000| Untracked 
|  76|0x0000000086c00000, 0x0000000086c00000, 0x0000000086d00000|  0%| F|  |TAMS 0x0000000086c00000, 0x0000000086c00000| Untracked 
|  77|0x0000000086d00000, 0x0000000086d00000, 0x0000000086e00000|  0%| F|  |TAMS 0x0000000086d00000, 0x0000000086d00000| Untracked 
|  78|0x0000000086e00000, 0x0000000086e00000, 0x0000000086f00000|  0%| F|  |TAMS 0x0000000086e00000, 0x0000000086e00000| Untracked 
|  79|0x0000000086f00000, 0x0000000086f00000, 0x0000000087000000|  0%| F|  |TAMS 0x0000000086f00000, 0x0000000086f00000| Untracked 
|  80|0x0000000087000000, 0x0000000087000000, 0x0000000087100000|  0%| F|  |TAMS 0x0000000087000000, 0x0000000087000000| Untracked 
|  81|0x0000000087100000, 0x0000000087100000, 0x0000000087200000|  0%| F|  |TAMS 0x0000000087100000, 0x0000000087100000| Untracked 
|  82|0x0000000087200000, 0x0000000087200000, 0x0000000087300000|  0%| F|  |TAMS 0x0000000087200000, 0x0000000087200000| Untracked 
|  83|0x0000000087300000, 0x0000000087300000, 0x0000000087400000|  0%| F|  |TAMS 0x0000000087300000, 0x0000000087300000| Untracked 
|  84|0x0000000087400000, 0x0000000087400000, 0x0000000087500000|  0%| F|  |TAMS 0x0000000087400000, 0x0000000087400000| Untracked 
|  85|0x0000000087500000, 0x0000000087500000, 0x0000000087600000|  0%| F|  |TAMS 0x0000000087500000, 0x0000000087500000| Untracked 
|  86|0x0000000087600000, 0x0000000087600000, 0x0000000087700000|  0%| F|  |TAMS 0x0000000087600000, 0x0000000087600000| Untracked 
|  87|0x0000000087700000, 0x0000000087700000, 0x0000000087800000|  0%| F|  |TAMS 0x0000000087700000, 0x0000000087700000| Untracked 
|  88|0x0000000087800000, 0x0000000087800000, 0x0000000087900000|  0%| F|  |TAMS 0x0000000087800000, 0x0000000087800000| Untracked 
|  89|0x0000000087900000, 0x0000000087900000, 0x0000000087a00000|  0%| F|  |TAMS 0x0000000087900000, 0x0000000087900000| Untracked 
|  90|0x0000000087a00000, 0x0000000087a00000, 0x0000000087b00000|  0%| F|  |TAMS 0x0000000087a00000, 0x0000000087a00000| Untracked 
|  91|0x0000000087b00000, 0x0000000087b00000, 0x0000000087c00000|  0%| F|  |TAMS 0x0000000087b00000, 0x0000000087b00000| Untracked 
|  92|0x0000000087c00000, 0x0000000087c00000, 0x0000000087d00000|  0%| F|  |TAMS 0x0000000087c00000, 0x0000000087c00000| Untracked 
|  93|0x0000000087d00000, 0x0000000087d00000, 0x0000000087e00000|  0%| F|  |TAMS 0x0000000087d00000, 0x0000000087d00000| Untracked 
|  94|0x0000000087e00000, 0x0000000087e00000, 0x0000000087f00000|  0%| F|  |TAMS 0x0000000087e00000, 0x0000000087e00000| Untracked 
|  95|0x0000000087f00000, 0x0000000087f00000, 0x0000000088000000|  0%| F|  |TAMS 0x0000000087f00000, 0x0000000087f00000| Untracked 
|  96|0x0000000088000000, 0x0000000088000000, 0x0000000088100000|  0%| F|  |TAMS 0x0000000088000000, 0x0000000088000000| Untracked 
|  97|0x0000000088100000, 0x0000000088100000, 0x0000000088200000|  0%| F|  |TAMS 0x0000000088100000, 0x0000000088100000| Untracked 
|  98|0x0000000088200000, 0x0000000088200000, 0x0000000088300000|  0%| F|  |TAMS 0x0000000088200000, 0x0000000088200000| Untracked 
|  99|0x0000000088300000, 0x0000000088300000, 0x0000000088400000|  0%| F|  |TAMS 0x0000000088300000, 0x0000000088300000| Untracked 
| 100|0x0000000088400000, 0x0000000088400000, 0x0000000088500000|  0%| F|  |TAMS 0x0000000088400000, 0x0000000088400000| Untracked 
| 101|0x0000000088500000, 0x0000000088500000, 0x0000000088600000|  0%| F|  |TAMS 0x0000000088500000, 0x0000000088500000| Untracked 
| 102|0x0000000088600000, 0x0000000088600000, 0x0000000088700000|  0%| F|  |TAMS 0x0000000088600000, 0x0000000088600000| Untracked 
| 103|0x0000000088700000, 0x0000000088700000, 0x0000000088800000|  0%| F|  |TAMS 0x0000000088700000, 0x0000000088700000| Untracked 
| 104|0x0000000088800000, 0x0000000088800000, 0x0000000088900000|  0%| F|  |TAMS 0x0000000088800000, 0x0000000088800000| Untracked 
| 105|0x0000000088900000, 0x0000000088900000, 0x0000000088a00000|  0%| F|  |TAMS 0x0000000088900000, 0x0000000088900000| Untracked 
| 106|0x0000000088a00000, 0x0000000088a00000, 0x0000000088b00000|  0%| F|  |TAMS 0x0000000088a00000, 0x0000000088a00000| Untracked 
| 107|0x0000000088b00000, 0x0000000088b00000, 0x0000000088c00000|  0%| F|  |TAMS 0x0000000088b00000, 0x0000000088b00000| Untracked 
| 108|0x0000000088c00000, 0x0000000088c00000, 0x0000000088d00000|  0%| F|  |TAMS 0x0000000088c00000, 0x0000000088c00000| Untracked 
| 109|0x0000000088d00000, 0x0000000088d00000, 0x0000000088e00000|  0%| F|  |TAMS 0x0000000088d00000, 0x0000000088d00000| Untracked 
| 110|0x0000000088e00000, 0x0000000088e00000, 0x0000000088f00000|  0%| F|  |TAMS 0x0000000088e00000, 0x0000000088e00000| Untracked 
| 111|0x0000000088f00000, 0x0000000088f00000, 0x0000000089000000|  0%| F|  |TAMS 0x0000000088f00000, 0x0000000088f00000| Untracked 
| 112|0x0000000089000000, 0x0000000089000000, 0x0000000089100000|  0%| F|  |TAMS 0x0000000089000000, 0x0000000089000000| Untracked 
| 113|0x0000000089100000, 0x0000000089100000, 0x0000000089200000|  0%| F|  |TAMS 0x0000000089100000, 0x0000000089100000| Untracked 
| 114|0x0000000089200000, 0x0000000089200000, 0x0000000089300000|  0%| F|  |TAMS 0x0000000089200000, 0x0000000089200000| Untracked 
| 115|0x0000000089300000, 0x0000000089300000, 0x0000000089400000|  0%| F|  |TAMS 0x0000000089300000, 0x0000000089300000| Untracked 
| 116|0x0000000089400000, 0x0000000089400000, 0x0000000089500000|  0%| F|  |TAMS 0x0000000089400000, 0x0000000089400000| Untracked 
| 117|0x0000000089500000, 0x0000000089500000, 0x0000000089600000|  0%| F|  |TAMS 0x0000000089500000, 0x0000000089500000| Untracked 
| 118|0x0000000089600000, 0x0000000089600000, 0x0000000089700000|  0%| F|  |TAMS 0x0000000089600000, 0x0000000089600000| Untracked 
| 119|0x0000000089700000, 0x0000000089700000, 0x0000000089800000|  0%| F|  |TAMS 0x0000000089700000, 0x0000000089700000| Untracked 
| 120|0x0000000089800000, 0x0000000089800000, 0x0000000089900000|  0%| F|  |TAMS 0x0000000089800000, 0x0000000089800000| Untracked 
| 121|0x0000000089900000, 0x0000000089900000, 0x0000000089a00000|  0%| F|  |TAMS 0x0000000089900000, 0x0000000089900000| Untracked 
| 122|0x0000000089a00000, 0x0000000089a00000, 0x0000000089b00000|  0%| F|  |TAMS 0x0000000089a00000, 0x0000000089a00000| Untracked 
| 123|0x0000000089b00000, 0x0000000089b00000, 0x0000000089c00000|  0%| F|  |TAMS 0x0000000089b00000, 0x0000000089b00000| Untracked 
| 124|0x0000000089c00000, 0x0000000089c00000, 0x0000000089d00000|  0%| F|  |TAMS 0x0000000089c00000, 0x0000000089c00000| Untracked 
| 125|0x0000000089d00000, 0x0000000089d00000, 0x0000000089e00000|  0%| F|  |TAMS 0x0000000089d00000, 0x0000000089d00000| Untracked 

Card table byte_map: [0x000002cf21660000,0x000002cf21a50000] _byte_map_base: 0x000002cf21250000

Marking Bits (Prev, Next): (CMBitMap*) 0x000002cf08c26f20, (CMBitMap*) 0x000002cf08c26f60
 Prev Bits: [0x000002cf21e40000, 0x000002cf23dc0000)
 Next Bits: [0x000002cf23dc0000, 0x000002cf25d40000)

Polling page: 0x000002cf08cc0000

Metaspace:

Usage:
  Non-class:     54.98 MB used.
      Class:      8.22 MB used.
       Both:     63.19 MB used.

Virtual space:
  Non-class space:       56.00 MB reserved,      55.19 MB ( 99%) committed,  7 nodes.
      Class space:        1.00 GB reserved,       8.44 MB ( <1%) committed,  1 nodes.
             Both:        1.05 GB reserved,      63.62 MB (  6%) committed. 

Chunk freelists:
   Non-Class:  288.00 KB
       Class:  3.58 MB
        Both:  3.86 MB

MaxMetaspaceSize: unlimited
CompressedClassSpaceSize: 1.00 GB
Initial GC threshold: 21.00 MB
Current GC threshold: 105.88 MB
CDS: on
MetaspaceReclaimPolicy: balanced
 - commit_granule_bytes: 65536.
 - commit_granule_words: 8192.
 - virtual_space_node_default_size: 1048576.
 - enlarge_chunks_in_place: 1.
 - new_chunks_are_fully_committed: 0.
 - uncommit_free_chunks: 1.
 - use_allocation_guard: 0.
 - handle_deallocations: 1.


Internal statistics:

num_allocs_failed_limit: 9.
num_arena_births: 500.
num_arena_deaths: 62.
num_vsnodes_births: 8.
num_vsnodes_deaths: 0.
num_space_committed: 1018.
num_space_uncommitted: 0.
num_chunks_returned_to_freelist: 84.
num_chunks_taken_from_freelist: 2815.
num_chunk_merges: 14.
num_chunk_splits: 1938.
num_chunks_enlarged: 1515.
num_purges: 8.
num_inconsistent_stats: 0.

CodeHeap 'non-profiled nmethods': size=120000Kb used=5542Kb max_used=5697Kb free=114457Kb
 bounds [0x000002cf19710000, 0x000002cf19cb0000, 0x000002cf20c40000]
CodeHeap 'profiled nmethods': size=120000Kb used=13302Kb max_used=15024Kb free=106697Kb
 bounds [0x000002cf121e0000, 0x000002cf13090000, 0x000002cf19710000]
CodeHeap 'non-nmethods': size=5760Kb used=1335Kb max_used=1409Kb free=4424Kb
 bounds [0x000002cf11c40000, 0x000002cf11eb0000, 0x000002cf121e0000]
 total_blobs=7756 nmethods=7090 adapters=578
 compilation: enabled
              stopped_count=0, restarted_count=0
 full_count=0

Compilation events (20 events):
Event: 178831.129 Thread 0x000002cf283267a0 9088       4       java.util.concurrent.atomic.AtomicLong::compareAndSet (13 bytes)
Event: 178831.186 Thread 0x000002cf283267a0 nmethod 9088 0x000002cf19bdc090 code [0x000002cf19bdc200, 0x000002cf19bdc298]
Event: 178831.201 Thread 0x000002cf283267a0 9089  s    4       java.io.BufferedOutputStream::write (67 bytes)
Event: 178831.301 Thread 0x000002cf283267a0 nmethod 9089 0x000002cf19bdb710 code [0x000002cf19bdb8a0, 0x000002cf19bdbdc8]
Event: 178859.778 Thread 0x000002cf2838fd10 9090   !   3       sun.security.ssl.SSLSessionContextImpl::getDefaults (271 bytes)
Event: 178860.042 Thread 0x000002cf2838fd10 nmethod 9090 0x000002cf12ba2910 code [0x000002cf12ba2e40, 0x000002cf12ba5888]
Event: 178860.042 Thread 0x000002cf2838fd10 9100       3       java.security.KeyPairGenerator::<init> (10 bytes)
Event: 178860.042 Thread 0x000002cf2838fd10 nmethod 9100 0x000002cf1257f810 code [0x000002cf1257f9c0, 0x000002cf1257fbd8]
Event: 178860.042 Thread 0x000002cf2838fd10 9110       3       sun.security.ssl.SessionId::length (6 bytes)
Event: 178860.042 Thread 0x000002cf2838fd10 nmethod 9110 0x000002cf12462210 code [0x000002cf124623a0, 0x000002cf124624b8]
Event: 178860.043 Thread 0x000002cf2838fd10 9111       3       sun.security.ssl.SSLCipher$NullWriteCipherGenerator$NullWriteCipher::calculatePacketSize (22 bytes)
Event: 178860.093 Thread 0x000002cf283267a0 9130       4       sun.security.util.DisabledAlgorithmConstraints::permits (10 bytes)
Event: 178860.132 Thread 0x000002cf2838fd10 nmethod 9111 0x000002cf12426b10 code [0x000002cf12426cc0, 0x000002cf12426fc8]
Event: 178860.132 Thread 0x000002cf2838fd10 9120       3       sun.security.provider.X509Factory::readFully (68 bytes)
Event: 178860.133 Thread 0x000002cf2838fd10 nmethod 9120 0x000002cf123dd610 code [0x000002cf123dd7e0, 0x000002cf123ddcb8]
Event: 178860.133 Thread 0x000002cf2838fd10 9115       3       sun.security.util.Cache$EqualByteArray::hashCode (32 bytes)
Event: 178860.133 Thread 0x000002cf2838fd10 nmethod 9115 0x000002cf125e9490 code [0x000002cf125e9640, 0x000002cf125e9808]
Event: 178860.225 Thread 0x000002cf283267a0 nmethod 9130 0x000002cf19bdb410 code [0x000002cf19bdb5a0, 0x000002cf19bdb648]
Event: 179368.285 Thread 0x000002cf283267a0 9131       4       org.springframework.boot.web.embedded.tomcat.TomcatWebServer$$Lambda$627/0x0000000800f46060::lifecycleEvent (13 bytes)
Event: 179368.822 Thread 0x000002cf283267a0 nmethod 9131 0x000002cf19bdae10 code [0x000002cf19bdafa0, 0x000002cf19bdb218]

GC Heap History (20 events):
Event: 173536.280 GC heap after
{Heap after GC invocations=219 (full 0):
 garbage-first heap   total 53248K, used 25679K [0x0000000082000000, 0x0000000100000000)
  region size 1024K, 1 young (1024K), 1 survivors (1024K)
 Metaspace       used 64691K, committed 65152K, reserved 1105920K
  class space    used 8414K, committed 8640K, reserved 1048576K
}
Event: 174283.240 GC heap before
{Heap before GC invocations=220 (full 0):
 garbage-first heap   total 53248K, used 44111K [0x0000000082000000, 0x0000000100000000)
  region size 1024K, 19 young (19456K), 1 survivors (1024K)
 Metaspace       used 64691K, committed 65152K, reserved 1105920K
  class space    used 8414K, committed 8640K, reserved 1048576K
}
Event: 174283.246 GC heap after
{Heap after GC invocations=221 (full 0):
 garbage-first heap   total 53248K, used 25857K [0x0000000082000000, 0x0000000100000000)
  region size 1024K, 1 young (1024K), 1 survivors (1024K)
 Metaspace       used 64691K, committed 65152K, reserved 1105920K
  class space    used 8414K, committed 8640K, reserved 1048576K
}
Event: 175188.270 GC heap before
{Heap before GC invocations=221 (full 0):
 garbage-first heap   total 53248K, used 44289K [0x0000000082000000, 0x0000000100000000)
  region size 1024K, 19 young (19456K), 1 survivors (1024K)
 Metaspace       used 64691K, committed 65152K, reserved 1105920K
  class space    used 8414K, committed 8640K, reserved 1048576K
}
Event: 175188.562 GC heap after
{Heap after GC invocations=222 (full 0):
 garbage-first heap   total 53248K, used 25980K [0x0000000082000000, 0x0000000100000000)
  region size 1024K, 1 young (1024K), 1 survivors (1024K)
 Metaspace       used 64691K, committed 65152K, reserved 1105920K
  class space    used 8414K, committed 8640K, reserved 1048576K
}
Event: 175662.985 GC heap before
{Heap before GC invocations=223 (full 0):
 garbage-first heap   total 53248K, used 45436K [0x0000000082000000, 0x0000000100000000)
  region size 1024K, 20 young (20480K), 1 survivors (1024K)
 Metaspace       used 64697K, committed 65152K, reserved 1105920K
  class space    used 8414K, committed 8640K, reserved 1048576K
}
Event: 175663.027 GC heap after
{Heap after GC invocations=224 (full 0):
 garbage-first heap   total 53248K, used 26188K [0x0000000082000000, 0x0000000100000000)
  region size 1024K, 1 young (1024K), 1 survivors (1024K)
 Metaspace       used 64697K, committed 65152K, reserved 1105920K
  class space    used 8414K, committed 8640K, reserved 1048576K
}
Event: 176680.723 GC heap before
{Heap before GC invocations=224 (full 0):
 garbage-first heap   total 53248K, used 44620K [0x0000000082000000, 0x0000000100000000)
  region size 1024K, 19 young (19456K), 1 survivors (1024K)
 Metaspace       used 64697K, committed 65152K, reserved 1105920K
  class space    used 8414K, committed 8640K, reserved 1048576K
}
Event: 176680.753 GC heap after
{Heap after GC invocations=225 (full 0):
 garbage-first heap   total 53248K, used 26052K [0x0000000082000000, 0x0000000100000000)
  region size 1024K, 1 young (1024K), 1 survivors (1024K)
 Metaspace       used 64697K, committed 65152K, reserved 1105920K
  class space    used 8414K, committed 8640K, reserved 1048576K
}
Event: 177117.367 GC heap before
{Heap before GC invocations=226 (full 0):
 garbage-first heap   total 53248K, used 45508K [0x0000000082000000, 0x0000000100000000)
  region size 1024K, 20 young (20480K), 1 survivors (1024K)
 Metaspace       used 64700K, committed 65152K, reserved 1105920K
  class space    used 8414K, committed 8640K, reserved 1048576K
}
Event: 177117.437 GC heap after
{Heap after GC invocations=227 (full 0):
 garbage-first heap   total 53248K, used 26244K [0x0000000082000000, 0x0000000100000000)
  region size 1024K, 1 young (1024K), 1 survivors (1024K)
 Metaspace       used 64700K, committed 65152K, reserved 1105920K
  class space    used 8414K, committed 8640K, reserved 1048576K
}
Event: 177136.792 GC heap before
{Heap before GC invocations=227 (full 0):
 garbage-first heap   total 53248K, used 27268K [0x0000000082000000, 0x0000000100000000)
  region size 1024K, 2 young (2048K), 1 survivors (1024K)
 Metaspace       used 64700K, committed 65152K, reserved 1105920K
  class space    used 8414K, committed 8640K, reserved 1048576K
}
Event: 177137.185 GC heap after
{Heap after GC invocations=228 (full 0):
 garbage-first heap   total 53248K, used 25734K [0x0000000082000000, 0x0000000100000000)
  region size 1024K, 1 young (1024K), 1 survivors (1024K)
 Metaspace       used 64700K, committed 65152K, reserved 1105920K
  class space    used 8414K, committed 8640K, reserved 1048576K
}
Event: 178101.092 GC heap before
{Heap before GC invocations=228 (full 0):
 garbage-first heap   total 53248K, used 44166K [0x0000000082000000, 0x0000000100000000)
  region size 1024K, 19 young (19456K), 1 survivors (1024K)
 Metaspace       used 64700K, committed 65152K, reserved 1105920K
  class space    used 8414K, committed 8640K, reserved 1048576K
}
Event: 178101.129 GC heap after
{Heap after GC invocations=229 (full 0):
 garbage-first heap   total 53248K, used 25628K [0x0000000082000000, 0x0000000100000000)
  region size 1024K, 1 young (1024K), 1 survivors (1024K)
 Metaspace       used 64700K, committed 65152K, reserved 1105920K
  class space    used 8414K, committed 8640K, reserved 1048576K
}
Event: 178805.045 GC heap before
{Heap before GC invocations=230 (full 0):
 garbage-first heap   total 53248K, used 45084K [0x0000000082000000, 0x0000000100000000)
  region size 1024K, 20 young (20480K), 1 survivors (1024K)
 Metaspace       used 64705K, committed 65152K, reserved 1105920K
  class space    used 8414K, committed 8640K, reserved 1048576K
}
Event: 178805.073 GC heap after
{Heap after GC invocations=231 (full 0):
 garbage-first heap   total 53248K, used 25959K [0x0000000082000000, 0x0000000100000000)
  region size 1024K, 1 young (1024K), 1 survivors (1024K)
 Metaspace       used 64705K, committed 65152K, reserved 1105920K
  class space    used 8414K, committed 8640K, reserved 1048576K
}
Event: 178805.108 GC heap before
{Heap before GC invocations=231 (full 0):
 garbage-first heap   total 53248K, used 26983K [0x0000000082000000, 0x0000000100000000)
  region size 1024K, 2 young (2048K), 1 survivors (1024K)
 Metaspace       used 64705K, committed 65152K, reserved 1105920K
  class space    used 8414K, committed 8640K, reserved 1048576K
}
Event: 178805.241 GC heap after
{Heap after GC invocations=232 (full 0):
 garbage-first heap   total 53248K, used 25467K [0x0000000082000000, 0x0000000100000000)
  region size 1024K, 1 young (1024K), 1 survivors (1024K)
 Metaspace       used 64705K, committed 65152K, reserved 1105920K
  class space    used 8414K, committed 8640K, reserved 1048576K
}
Event: 179577.515 GC heap before
{Heap before GC invocations=232 (full 0):
 garbage-first heap   total 53248K, used 44923K [0x0000000082000000, 0x0000000100000000)
  region size 1024K, 20 young (20480K), 1 survivors (1024K)
 Metaspace       used 64709K, committed 65152K, reserved 1105920K
  class space    used 8414K, committed 8640K, reserved 1048576K
}

Deoptimization events (20 events):
Event: 169953.712 Thread 0x000002cf2a9bc3f0 Uncommon trap: trap_request=0xffffffbe fr.pc=0x000002cf19b1c0ac relative=0x000000000000098c
Event: 169953.712 Thread 0x000002cf2a9bc3f0 Uncommon trap: reason=profile_predicate action=maybe_recompile pc=0x000002cf19b1c0ac method=sun.security.ssl.CipherSuite.namesOf(Ljava/util/List;)[Ljava/lang/String; @ 25 c2
Event: 169953.712 Thread 0x000002cf2a9bc3f0 DEOPT PACKING pc=0x000002cf19b1c0ac sp=0x000000e75fdfe2a0
Event: 169953.755 Thread 0x000002cf2a9bc3f0 DEOPT UNPACKING pc=0x000002cf11c923a3 sp=0x000000e75fdfe260 mode 2
Event: 169963.050 Thread 0x000002cf2a9bef40 Uncommon trap: trap_request=0xffffffbe fr.pc=0x000002cf19b1c0ac relative=0x000000000000098c
Event: 169963.050 Thread 0x000002cf2a9bef40 Uncommon trap: reason=profile_predicate action=maybe_recompile pc=0x000002cf19b1c0ac method=sun.security.ssl.CipherSuite.namesOf(Ljava/util/List;)[Ljava/lang/String; @ 25 c2
Event: 169963.050 Thread 0x000002cf2a9bef40 DEOPT PACKING pc=0x000002cf19b1c0ac sp=0x000000e75fdfe430
Event: 169963.050 Thread 0x000002cf2a9bef40 DEOPT UNPACKING pc=0x000002cf11c923a3 sp=0x000000e75fdfe3f0 mode 2
Event: 169970.646 Thread 0x000002cf2a9b93d0 Uncommon trap: trap_request=0xffffffbe fr.pc=0x000002cf19b1c0ac relative=0x000000000000098c
Event: 169970.646 Thread 0x000002cf2a9b93d0 Uncommon trap: reason=profile_predicate action=maybe_recompile pc=0x000002cf19b1c0ac method=sun.security.ssl.CipherSuite.namesOf(Ljava/util/List;)[Ljava/lang/String; @ 25 c2
Event: 169970.646 Thread 0x000002cf2a9b93d0 DEOPT PACKING pc=0x000002cf19b1c0ac sp=0x000000e75fdfe9c0
Event: 169970.646 Thread 0x000002cf2a9b93d0 DEOPT UNPACKING pc=0x000002cf11c923a3 sp=0x000000e75fdfe980 mode 2
Event: 169971.364 Thread 0x000002cf2a9b93d0 Uncommon trap: trap_request=0xffffffbe fr.pc=0x000002cf19b1c0ac relative=0x000000000000098c
Event: 169971.364 Thread 0x000002cf2a9b93d0 Uncommon trap: reason=profile_predicate action=maybe_recompile pc=0x000002cf19b1c0ac method=sun.security.ssl.CipherSuite.namesOf(Ljava/util/List;)[Ljava/lang/String; @ 25 c2
Event: 169971.365 Thread 0x000002cf2a9b93d0 DEOPT PACKING pc=0x000002cf19b1c0ac sp=0x000000e75fdfe9c0
Event: 169971.365 Thread 0x000002cf2a9b93d0 DEOPT UNPACKING pc=0x000002cf11c923a3 sp=0x000000e75fdfe980 mode 2
Event: 175178.783 Thread 0x000002cf2a9ba240 DEOPT PACKING pc=0x000002cf12f90e0a sp=0x000000e75fdfda30
Event: 175178.971 Thread 0x000002cf2a9ba240 DEOPT UNPACKING pc=0x000002cf11c92b43 sp=0x000000e75fdfcf58 mode 0
Event: 176967.835 Thread 0x000002cf2a9bea70 DEOPT PACKING pc=0x000002cf124f542c sp=0x000000e75fdfdea0
Event: 176967.858 Thread 0x000002cf2a9bea70 DEOPT UNPACKING pc=0x000002cf11c92b43 sp=0x000000e75fdfd308 mode 0

Classes unloaded (20 events):
Event: 2227.097 Thread 0x000002cf283078d0 Unloading class 0x0000000800e0a000 'jdk/internal/reflect/GeneratedConstructorAccessor5'
Event: 2227.097 Thread 0x000002cf283078d0 Unloading class 0x0000000800ddc400 'java/lang/invoke/LambdaForm$DMH+0x0000000800ddc400'
Event: 2227.097 Thread 0x000002cf283078d0 Unloading class 0x0000000800d3e800 'java/lang/invoke/LambdaForm$MH+0x0000000800d3e800'
Event: 2227.097 Thread 0x000002cf283078d0 Unloading class 0x0000000800d3e400 'java/lang/invoke/LambdaForm$MH+0x0000000800d3e400'
Event: 2227.097 Thread 0x000002cf283078d0 Unloading class 0x0000000800d3e000 'java/lang/invoke/LambdaForm$MH+0x0000000800d3e000'
Event: 2227.097 Thread 0x000002cf283078d0 Unloading class 0x0000000800d3dc00 'java/lang/invoke/LambdaForm$MH+0x0000000800d3dc00'
Event: 2227.097 Thread 0x000002cf283078d0 Unloading class 0x0000000800d3d400 'java/lang/invoke/LambdaForm$MH+0x0000000800d3d400'
Event: 2227.097 Thread 0x000002cf283078d0 Unloading class 0x0000000800d3d000 'java/lang/invoke/LambdaForm$MH+0x0000000800d3d000'
Event: 2227.097 Thread 0x000002cf283078d0 Unloading class 0x0000000800d3cc00 'java/lang/invoke/LambdaForm$MH+0x0000000800d3cc00'
Event: 2227.097 Thread 0x000002cf283078d0 Unloading class 0x0000000800d3c800 'java/lang/invoke/LambdaForm$MH+0x0000000800d3c800'
Event: 2227.097 Thread 0x000002cf283078d0 Unloading class 0x0000000800d12c00 'java/lang/invoke/LambdaForm$MH+0x0000000800d12c00'
Event: 2227.097 Thread 0x000002cf283078d0 Unloading class 0x0000000800d12400 'java/lang/invoke/LambdaForm$MH+0x0000000800d12400'
Event: 2227.097 Thread 0x000002cf283078d0 Unloading class 0x0000000800d12000 'java/lang/invoke/LambdaForm$MH+0x0000000800d12000'
Event: 2227.097 Thread 0x000002cf283078d0 Unloading class 0x0000000800d11c00 'java/lang/invoke/LambdaForm$MH+0x0000000800d11c00'
Event: 2227.097 Thread 0x000002cf283078d0 Unloading class 0x0000000800d11400 'java/lang/invoke/LambdaForm$MH+0x0000000800d11400'
Event: 2227.097 Thread 0x000002cf283078d0 Unloading class 0x0000000800d10c00 'java/lang/invoke/LambdaForm$MH+0x0000000800d10c00'
Event: 10023.281 Thread 0x000002cf283078d0 Unloading class 0x0000000801470400 'jdk/internal/reflect/GeneratedConstructorAccessor46'
Event: 10023.281 Thread 0x000002cf283078d0 Unloading class 0x0000000801334000 'jdk/internal/reflect/GeneratedConstructorAccessor34'
Event: 95788.452 Thread 0x000002cf283078d0 Unloading class 0x0000000801334000 'jdk/internal/reflect/GeneratedConstructorAccessor51'
Event: 95788.452 Thread 0x000002cf283078d0 Unloading class 0x0000000801470400 'jdk/internal/reflect/GeneratedConstructorAccessor50'

Classes redefined (0 events):
No events

Internal exceptions (20 events):
Event: 176961.677 Thread 0x000002cf2a9bdc00 Exception <a 'java/io/IOException'{0x0000000085a6ea58}> (0x0000000085a6ea58) 
thrown [t:\workspace\open\src\hotspot\share\prims\jni.cpp, line 516]
Event: 176961.677 Thread 0x000002cf2a9bdc00 Exception <a 'java/io/IOException'{0x0000000085a6f598}> (0x0000000085a6f598) 
thrown [t:\workspace\open\src\hotspot\share\prims\jni.cpp, line 516]
Event: 176967.717 Thread 0x000002cf2a9bba50 Exception <a 'java/io/IOException'{0x0000000084cb4c78}> (0x0000000084cb4c78) 
thrown [t:\workspace\open\src\hotspot\share\prims\jni.cpp, line 516]
Event: 176967.717 Thread 0x000002cf2a9bba50 Exception <a 'java/io/IOException'{0x0000000084cb57b8}> (0x0000000084cb57b8) 
thrown [t:\workspace\open\src\hotspot\share\prims\jni.cpp, line 516]
Event: 177021.800 Thread 0x000002cf2a9bbf20 Exception <a 'java/net/SocketException'{0x000000008484fb60}: Connection reset by peer: shutdown> (0x000000008484fb60) 
thrown [t:\workspace\open\src\hotspot\share\prims\jni.cpp, line 535]
Event: 177024.432 Thread 0x000002cf2a9bbf20 Exception <a 'java/net/SocketException'{0x00000000848513d8}: Connection reset by peer: shutdown> (0x00000000848513d8) 
thrown [t:\workspace\open\src\hotspot\share\prims\jni.cpp, line 535]
Event: 177066.665 Thread 0x000002cf2a9bdc00 Exception <a 'java/io/IOException'{0x000000008454f660}> (0x000000008454f660) 
thrown [t:\workspace\open\src\hotspot\share\prims\jni.cpp, line 516]
Event: 177066.665 Thread 0x000002cf2a9bdc00 Exception <a 'java/io/IOException'{0x00000000845501a0}> (0x00000000845501a0) 
thrown [t:\workspace\open\src\hotspot\share\prims\jni.cpp, line 516]
Event: 177080.222 Thread 0x000002cf2a9ba240 Exception <a 'java/io/IOException'{0x00000000844df940}> (0x00000000844df940) 
thrown [t:\workspace\open\src\hotspot\share\prims\jni.cpp, line 516]
Event: 177080.222 Thread 0x000002cf2a9ba240 Exception <a 'java/io/IOException'{0x00000000844e0480}> (0x00000000844e0480) 
thrown [t:\workspace\open\src\hotspot\share\prims\jni.cpp, line 516]
Event: 177136.686 Thread 0x000002cf2a9bc3f0 Exception <a 'java/io/IOException'{0x0000000089d66a78}> (0x0000000089d66a78) 
thrown [t:\workspace\open\src\hotspot\share\prims\jni.cpp, line 516]
Event: 177136.686 Thread 0x000002cf2a9bc3f0 Exception <a 'java/io/IOException'{0x0000000089d677f8}> (0x0000000089d677f8) 
thrown [t:\workspace\open\src\hotspot\share\prims\jni.cpp, line 516]
Event: 178739.148 Thread 0x000002cf2a9bba50 Exception <a 'java/io/IOException'{0x00000000847c06d0}> (0x00000000847c06d0) 
thrown [t:\workspace\open\src\hotspot\share\prims\jni.cpp, line 516]
Event: 178739.149 Thread 0x000002cf2a9bba50 Exception <a 'java/io/IOException'{0x00000000847c1210}> (0x00000000847c1210) 
thrown [t:\workspace\open\src\hotspot\share\prims\jni.cpp, line 516]
Event: 178741.525 Thread 0x000002cf2a9bba50 Exception <a 'java/io/IOException'{0x00000000847c3928}> (0x00000000847c3928) 
thrown [t:\workspace\open\src\hotspot\share\prims\jni.cpp, line 516]
Event: 178741.525 Thread 0x000002cf2a9bba50 Exception <a 'java/io/IOException'{0x00000000847c4468}> (0x00000000847c4468) 
thrown [t:\workspace\open\src\hotspot\share\prims\jni.cpp, line 516]
Event: 178800.720 Thread 0x000002cf2a9babe0 Exception <a 'java/io/IOException'{0x0000000084284bc0}> (0x0000000084284bc0) 
thrown [t:\workspace\open\src\hotspot\share\prims\jni.cpp, line 516]
Event: 178800.720 Thread 0x000002cf2a9babe0 Exception <a 'java/io/IOException'{0x0000000084285700}> (0x0000000084285700) 
thrown [t:\workspace\open\src\hotspot\share\prims\jni.cpp, line 516]
Event: 178831.130 Thread 0x000002cf2a9c0280 Exception <a 'java/io/IOException'{0x0000000089db6ad0}> (0x0000000089db6ad0) 
thrown [t:\workspace\open\src\hotspot\share\prims\jni.cpp, line 516]
Event: 178831.130 Thread 0x000002cf2a9c0280 Exception <a 'java/io/IOException'{0x0000000089db7610}> (0x0000000089db7610) 
thrown [t:\workspace\open\src\hotspot\share\prims\jni.cpp, line 516]

VM Operations (20 events):
Event: 176680.753 Executing VM operation: G1CollectForAllocation done
Event: 176680.799 Executing VM operation: G1Concurrent
Event: 176680.804 Executing VM operation: G1Concurrent done
Event: 176680.905 Executing VM operation: G1Concurrent
Event: 176680.905 Executing VM operation: G1Concurrent done
Event: 177117.367 Executing VM operation: G1CollectForAllocation
Event: 177117.437 Executing VM operation: G1CollectForAllocation done
Event: 177136.782 Executing VM operation: G1CollectForAllocation
Event: 177137.185 Executing VM operation: G1CollectForAllocation done
Event: 178101.092 Executing VM operation: G1CollectForAllocation
Event: 178101.129 Executing VM operation: G1CollectForAllocation done
Event: 178101.204 Executing VM operation: G1Concurrent
Event: 178101.238 Executing VM operation: G1Concurrent done
Event: 178101.271 Executing VM operation: G1Concurrent
Event: 178101.284 Executing VM operation: G1Concurrent done
Event: 178805.008 Executing VM operation: G1CollectForAllocation
Event: 178805.073 Executing VM operation: G1CollectForAllocation done
Event: 178805.083 Executing VM operation: G1CollectForAllocation
Event: 178805.241 Executing VM operation: G1CollectForAllocation done
Event: 179577.514 Executing VM operation: G1CollectForAllocation

Events (20 events):
Event: 178800.716 Thread 0x000002cf2a9babe0 Thread added: 0x000002cf2a9babe0
Event: 178800.716 Thread 0x000002cf2a9bdc00 Thread added: 0x000002cf2a9bdc00
Event: 178809.976 Thread 0x000002cf2a9babe0 Thread exited: 0x000002cf2a9babe0
Event: 178810.286 Thread 0x000002cf2a9bdc00 Thread exited: 0x000002cf2a9bdc00
Event: 178831.128 Thread 0x000002cf2a9c0280 Thread added: 0x000002cf2a9c0280
Event: 178831.128 Thread 0x000002cf2a9bb0b0 Thread added: 0x000002cf2a9bb0b0
Event: 178836.144 Thread 0x000002cf2a9c0280 Thread exited: 0x000002cf2a9c0280
Event: 178836.205 Thread 0x000002cf2a9bb0b0 Thread exited: 0x000002cf2a9bb0b0
Event: 178859.741 Thread 0x000002cf2a9babe0 Thread added: 0x000002cf2a9babe0
Event: 178859.741 Thread 0x000002cf2a9bdc00 Thread added: 0x000002cf2a9bdc00
Event: 178864.753 Thread 0x000002cf2a9babe0 Thread exited: 0x000002cf2a9babe0
Event: 178865.110 Thread 0x000002cf2a9bdc00 Thread exited: 0x000002cf2a9bdc00
Event: 178890.769 Thread 0x000002cf2a9bc8c0 Thread added: 0x000002cf2a9bc8c0
Event: 178890.769 Thread 0x000002cf2a9ba240 Thread added: 0x000002cf2a9ba240
Event: 178895.792 Thread 0x000002cf2a9bc8c0 Thread exited: 0x000002cf2a9bc8c0
Event: 178895.870 Thread 0x000002cf2a9ba240 Thread exited: 0x000002cf2a9ba240
Event: 178932.680 Thread 0x000002cf2a9ba240 Thread added: 0x000002cf2a9ba240
Event: 178932.681 Thread 0x000002cf2a9bc3f0 Thread added: 0x000002cf2a9bc3f0
Event: 178937.683 Thread 0x000002cf2a9ba240 Thread exited: 0x000002cf2a9ba240
Event: 178937.776 Thread 0x000002cf2a9bc3f0 Thread exited: 0x000002cf2a9bc3f0


Dynamic libraries:
0x00007ff6b7570000 - 0x00007ff6b757e000 	C:\Users\Karim\.jdks\openjdk-17.0.2\bin\java.exe
0x00007ffe37cb0000 - 0x00007ffe37ea5000 	C:\WINDOWS\SYSTEM32\ntdll.dll
0x00007ffe376c0000 - 0x00007ffe3777e000 	C:\WINDOWS\System32\KERNEL32.DLL
0x00007ffe35540000 - 0x00007ffe35808000 	C:\WINDOWS\System32\KERNELBASE.dll
0x00007ffe35b70000 - 0x00007ffe35c70000 	C:\WINDOWS\System32\ucrtbase.dll
0x00007ffe1afc0000 - 0x00007ffe1afd8000 	C:\Users\Karim\.jdks\openjdk-17.0.2\bin\jli.dll
0x00007ffe35f50000 - 0x00007ffe360f0000 	C:\WINDOWS\System32\USER32.dll
0x00007ffe353c0000 - 0x00007ffe353e2000 	C:\WINDOWS\System32\win32u.dll
0x00007ffe368c0000 - 0x00007ffe368eb000 	C:\WINDOWS\System32\GDI32.dll
0x00007ffe35a10000 - 0x00007ffe35b1d000 	C:\WINDOWS\System32\gdi32full.dll
0x00007ffe354a0000 - 0x00007ffe3553d000 	C:\WINDOWS\System32\msvcp_win.dll
0x00007ffe1cb00000 - 0x00007ffe1cb1a000 	C:\Users\Karim\.jdks\openjdk-17.0.2\bin\VCRUNTIME140.dll
0x00007ffe2aae0000 - 0x00007ffe2ad7a000 	C:\WINDOWS\WinSxS\amd64_microsoft.windows.common-controls_6595b64144ccf1df_6.0.19041.1110_none_60b5254171f9507e\COMCTL32.dll
0x00007ffe35eb0000 - 0x00007ffe35f4e000 	C:\WINDOWS\System32\msvcrt.dll
0x00007ffe37830000 - 0x00007ffe37860000 	C:\WINDOWS\System32\IMM32.DLL
0x00007ffe22c10000 - 0x00007ffe22c1c000 	C:\Users\Karim\.jdks\openjdk-17.0.2\bin\vcruntime140_1.dll
0x00007ffe0ab50000 - 0x00007ffe0abdd000 	C:\Users\Karim\.jdks\openjdk-17.0.2\bin\msvcp140.dll
0x00007ffde0ce0000 - 0x00007ffde18a1000 	C:\Users\Karim\.jdks\openjdk-17.0.2\bin\server\jvm.dll
0x00007ffe366a0000 - 0x00007ffe3674e000 	C:\WINDOWS\System32\ADVAPI32.dll
0x00007ffe37220000 - 0x00007ffe372bc000 	C:\WINDOWS\System32\sechost.dll
0x00007ffe37590000 - 0x00007ffe376b5000 	C:\WINDOWS\System32\RPCRT4.dll
0x00007ffe37460000 - 0x00007ffe37468000 	C:\WINDOWS\System32\PSAPI.DLL
0x00007ffe206b0000 - 0x00007ffe206b9000 	C:\WINDOWS\SYSTEM32\WSOCK32.dll
0x00007ffe37120000 - 0x00007ffe3718b000 	C:\WINDOWS\System32\WS2_32.dll
0x00007ffe292a0000 - 0x00007ffe292c7000 	C:\WINDOWS\SYSTEM32\WINMM.dll
0x00007ffe2dc30000 - 0x00007ffe2dc3a000 	C:\WINDOWS\SYSTEM32\VERSION.dll
0x00007ffe33c70000 - 0x00007ffe33c82000 	C:\WINDOWS\SYSTEM32\kernel.appcore.dll
0x00007ffe21ff0000 - 0x00007ffe21ffa000 	C:\Users\Karim\.jdks\openjdk-17.0.2\bin\jimage.dll
0x00007ffe331b0000 - 0x00007ffe33394000 	C:\WINDOWS\SYSTEM32\DBGHELP.DLL
0x00007ffe21930000 - 0x00007ffe2195c000 	C:\WINDOWS\SYSTEM32\dbgcore.DLL
0x00007ffe35c70000 - 0x00007ffe35cf2000 	C:\WINDOWS\System32\bcryptPrimitives.dll
0x00007ffe20090000 - 0x00007ffe2009e000 	C:\Users\Karim\.jdks\openjdk-17.0.2\bin\instrument.dll
0x00007ffe1a970000 - 0x00007ffe1a995000 	C:\Users\Karim\.jdks\openjdk-17.0.2\bin\java.dll
0x00007ffe04930000 - 0x00007ffe04a06000 	C:\Users\Karim\.jdks\openjdk-17.0.2\bin\jsvml.dll
0x00007ffe369d0000 - 0x00007ffe37114000 	C:\WINDOWS\System32\SHELL32.dll
0x00007ffe333a0000 - 0x00007ffe33b34000 	C:\WINDOWS\SYSTEM32\windows.storage.dll
0x00007ffe37860000 - 0x00007ffe37bb5000 	C:\WINDOWS\System32\combase.dll
0x00007ffe34e10000 - 0x00007ffe34e3e000 	C:\WINDOWS\SYSTEM32\Wldp.dll
0x00007ffe37bc0000 - 0x00007ffe37c6d000 	C:\WINDOWS\System32\SHCORE.dll
0x00007ffe367b0000 - 0x00007ffe36805000 	C:\WINDOWS\System32\shlwapi.dll
0x00007ffe35300000 - 0x00007ffe3531f000 	C:\WINDOWS\SYSTEM32\profapi.dll
0x00007ffe0f060000 - 0x00007ffe0f078000 	C:\Users\Karim\.jdks\openjdk-17.0.2\bin\zip.dll
0x00007ffe19e40000 - 0x00007ffe19e59000 	C:\Users\Karim\.jdks\openjdk-17.0.2\bin\net.dll
0x00007ffe2c2c0000 - 0x00007ffe2c3cc000 	C:\WINDOWS\SYSTEM32\WINHTTP.dll
0x00007ffe34b70000 - 0x00007ffe34bda000 	C:\WINDOWS\system32\mswsock.dll
0x00007ffe178e0000 - 0x00007ffe178f6000 	C:\Users\Karim\.jdks\openjdk-17.0.2\bin\nio.dll
0x00007ffe0f040000 - 0x00007ffe0f05a000 	C:\Program Files\JetBrains\IntelliJ IDEA Community Edition 2021.3.2\bin\breakgen64.dll
0x00007ffe1fab0000 - 0x00007ffe1fac0000 	C:\Users\Karim\.jdks\openjdk-17.0.2\bin\verify.dll
0x00007ffe1fa40000 - 0x00007ffe1fa49000 	C:\Users\Karim\.jdks\openjdk-17.0.2\bin\management.dll
0x00007ffe1f8a0000 - 0x00007ffe1f8ab000 	C:\Users\Karim\.jdks\openjdk-17.0.2\bin\management_ext.dll
0x00007ffe1d310000 - 0x00007ffe1d327000 	C:\WINDOWS\system32\napinsp.dll
0x00007ffe1cb40000 - 0x00007ffe1cb5b000 	C:\WINDOWS\system32\pnrpnsp.dll
0x00007ffe2e360000 - 0x00007ffe2e375000 	C:\WINDOWS\system32\wshbth.dll
0x00007ffe31200000 - 0x00007ffe3121d000 	C:\WINDOWS\system32\NLAapi.dll
0x00007ffe347f0000 - 0x00007ffe3482b000 	C:\WINDOWS\SYSTEM32\IPHLPAPI.DLL
0x00007ffe34830000 - 0x00007ffe348fb000 	C:\WINDOWS\SYSTEM32\DNSAPI.dll
0x00007ffe373f0000 - 0x00007ffe373f8000 	C:\WINDOWS\System32\NSI.dll
0x00007ffe1ce50000 - 0x00007ffe1ce62000 	C:\WINDOWS\System32\winrnr.dll
0x00007ffe292f0000 - 0x00007ffe292fa000 	C:\Windows\System32\rasadhlp.dll
0x00007ffe2a1f0000 - 0x00007ffe2a26f000 	C:\WINDOWS\System32\fwpuclnt.dll
0x00007ffe35880000 - 0x00007ffe358a7000 	C:\WINDOWS\System32\bcrypt.dll
0x00007ffe34d70000 - 0x00007ffe34d88000 	C:\WINDOWS\SYSTEM32\CRYPTSP.dll
0x00007ffe34480000 - 0x00007ffe344b4000 	C:\WINDOWS\system32\rsaenh.dll
0x00007ffe35280000 - 0x00007ffe352ae000 	C:\WINDOWS\SYSTEM32\USERENV.dll
0x00007ffe34d60000 - 0x00007ffe34d6c000 	C:\WINDOWS\SYSTEM32\CRYPTBASE.dll
0x00007ffe2dff0000 - 0x00007ffe2e007000 	C:\WINDOWS\SYSTEM32\dhcpcsvc6.DLL
0x00007ffe2dfd0000 - 0x00007ffe2dfed000 	C:\WINDOWS\SYSTEM32\dhcpcsvc.DLL
0x00007ffe1caf0000 - 0x00007ffe1cafe000 	C:\Users\Karim\.jdks\openjdk-17.0.2\bin\sunmscapi.dll
0x00007ffe358b0000 - 0x00007ffe35a06000 	C:\WINDOWS\System32\CRYPT32.dll
0x00007ffe34e80000 - 0x00007ffe34ea7000 	C:\WINDOWS\SYSTEM32\ncrypt.dll
0x00007ffe34e40000 - 0x00007ffe34e7b000 	C:\WINDOWS\SYSTEM32\NTASN1.dll
0x00007ffe1bda0000 - 0x00007ffe1bda7000 	C:\WINDOWS\system32\wshunix.dll

dbghelp: loaded successfully - version: 4.0.5 - missing functions: none
symbol engine: initialized successfully - sym options: 0x614 - pdb path: .;C:\Users\Karim\.jdks\openjdk-17.0.2\bin;C:\WINDOWS\SYSTEM32;C:\WINDOWS\WinSxS\amd64_microsoft.windows.common-controls_6595b64144ccf1df_6.0.19041.1110_none_60b5254171f9507e;C:\Users\Karim\.jdks\openjdk-17.0.2\bin\server;C:\Program Files\JetBrains\IntelliJ IDEA Community Edition 2021.3.2\bin

VM Arguments:
jvm_args: -javaagent:C:\Program Files\JetBrains\IntelliJ IDEA Community Edition 2021.3.2\lib\idea_rt.jar=49506:C:\Program Files\JetBrains\IntelliJ IDEA Community Edition 2021.3.2\bin -Dfile.encoding=UTF-8 
java_command: com.example.userservice.UserserviceApplication
java_class_path (initial): C:\Users\Karim\Desktop\projet pfe\target\classes;C:\Users\Karim\.m2\repository\org\springframework\boot\spring-boot-starter-data-jpa\2.6.2\spring-boot-starter-data-jpa-2.6.2.jar;C:\Users\Karim\.m2\repository\org\springframework\boot\spring-boot-starter-aop\2.6.2\spring-boot-starter-aop-2.6.2.jar;C:\Users\Karim\.m2\repository\org\aspectj\aspectjweaver\1.9.7\aspectjweaver-1.9.7.jar;C:\Users\Karim\.m2\repository\org\springframework\boot\spring-boot-starter-jdbc\2.6.2\spring-boot-starter-jdbc-2.6.2.jar;C:\Users\Karim\.m2\repository\com\zaxxer\HikariCP\4.0.3\HikariCP-4.0.3.jar;C:\Users\Karim\.m2\repository\org\springframework\spring-jdbc\5.3.14\spring-jdbc-5.3.14.jar;C:\Users\Karim\.m2\repository\jakarta\transaction\jakarta.transaction-api\1.3.3\jakarta.transaction-api-1.3.3.jar;C:\Users\Karim\.m2\repository\jakarta\persistence\jakarta.persistence-api\2.2.3\jakarta.persistence-api-2.2.3.jar;C:\Users\Karim\.m2\repository\org\hibernate\hibernate-core\5.6.3.Final\hibernate-core-5.6.3.Final.jar;C:\Users\Karim\.m2\repository\org\jboss\logging\jboss-logging\3.4.2.Final\jboss-logging-3.4.2.Final.jar;C:\Users\Karim\.m2\repository\net\bytebuddy\byte-buddy\1.11.22\byte-buddy-1.11.22.jar;C:\Users\Karim\.m2\repository\antlr\antlr\2.7.7\antlr-2.7.7.jar;C:\Users\Karim\.m2\repository\org\jboss\jandex\2.2.3.Final\jandex-2.2.3.Final.jar;C:\Users\Karim\.m2\repository\com\fasterxml\classmate\1.5.1\classmate-1.5.1.jar;C:\Users\Karim\.m2\repository\org\hibernate\common\hibernate-commons-annotations\5.1.2.Final\hibernate-commons-annotations-5.1.2.Final.jar;C:\Users\Karim\.m2\repository\org\glassfish\jaxb\jaxb-runtime\2.3.5\jaxb-runtime-2.3.5.jar;C:\Users\Karim\.m2\repository\org\glassfish\jaxb\txw2\2.3.5\txw2-2.3.5.jar;C:\Users\Karim\.m2\repository\com\sun\istack\istack-commons-runtime\3.0.12\istack-commons-runtime-3.0.12.jar;C:\Users\Karim\.m2\repository\com\sun\activation\jakarta.activation\1.2.2\jakarta.activation-1.2.2.jar;C:\Users\Karim\.m2\repository\org\spr
Launcher Type: SUN_STANDARD

[Global flags]
     intx CICompilerCount                          = 3                                         {product} {ergonomic}
     uint ConcGCThreads                            = 1                                         {product} {ergonomic}
     uint G1ConcRefinementThreads                  = 4                                         {product} {ergonomic}
   size_t G1HeapRegionSize                         = 1048576                                   {product} {ergonomic}
    uintx GCDrainStackTargetSize                   = 64                                        {product} {ergonomic}
   size_t InitialHeapSize                          = 132120576                                 {product} {ergonomic}
   size_t MarkStackSize                            = 4194304                                   {product} {ergonomic}
   size_t MaxHeapSize                              = 2113929216                                {product} {ergonomic}
   size_t MaxNewSize                               = 1267728384                                {product} {ergonomic}
   size_t MinHeapDeltaBytes                        = 1048576                                   {product} {ergonomic}
   size_t MinHeapSize                              = 8388608                                   {product} {ergonomic}
    uintx NonNMethodCodeHeapSize                   = 5832780                                {pd product} {ergonomic}
    uintx NonProfiledCodeHeapSize                  = 122912730                              {pd product} {ergonomic}
    uintx ProfiledCodeHeapSize                     = 122912730                              {pd product} {ergonomic}
    uintx ReservedCodeCacheSize                    = 251658240                              {pd product} {ergonomic}
     bool SegmentedCodeCache                       = true                                      {product} {ergonomic}
   size_t SoftMaxHeapSize                          = 2113929216                             {manageable} {ergonomic}
     bool UseCompressedClassPointers               = true                           {product lp64_product} {ergonomic}
     bool UseCompressedOops                        = true                           {product lp64_product} {ergonomic}
     bool UseG1GC                                  = true                                      {product} {ergonomic}
     bool UseLargePagesIndividualAllocation        = false                                  {pd product} {ergonomic}

Logging:
Log output configuration:
 #0: stdout all=warning uptime,level,tags
 #1: stderr all=off uptime,level,tags

Environment Variables:
PATH=C:\oraclexe\app\oracle\product\11.2.0\server\bin;C:\WINDOWS\system32;C:\WINDOWS;C:\WINDOWS\System32\Wbem;C:\WINDOWS\System32\WindowsPowerShell\v1.0\;C:\WINDOWS\System32\OpenSSH\;C:\Program Files\nodejs\;C:\Program Files (x86)\Git\cmd;C:\Program Files\MySQL\MySQL Shell 8.0\bin\;C:\Users\Karim\anaconda3;C:\Users\Karim\anaconda3\Library\mingw-w64\bin;C:\Users\Karim\anaconda3\Library\usr\bin;C:\Users\Karim\anaconda3\Library\bin;C:\Users\Karim\anaconda3\Scripts;C:\Users\Karim\AppData\Local\Microsoft\WindowsApps;C:\Flex Windows\gcc\bin;C:\Flex Windows\Lex\bin;C:\Flex Windows\bison\bin;C:\Users\Karim\AppData\Local\Programs\Microsoft VS Code\bin;C:\Users\Karim\AppData\Roaming\npm
USERNAME=Karim
OS=Windows_NT
PROCESSOR_IDENTIFIER=Intel64 Family 6 Model 142 Stepping 9, GenuineIntel



---------------  S Y S T E M  ---------------

OS:
 Windows 10 , 64 bit Build 19041 (10.0.19041.1503)
OS uptime: 5 days 22:22 hours

CPU: total 4 (initial active 4) (2 cores per cpu, 2 threads per core) family 6 model 142 stepping 9 microcode 0xb4, cx8, cmov, fxsr, ht, mmx, 3dnowpref, sse, sse2, sse3, ssse3, sse4.1, sse4.2, popcnt, lzcnt, tsc, tscinvbit, avx, avx2, aes, erms, clmul, bmi1, bmi2, adx, fma, vzeroupper, clflush, clflushopt

Memory: 4k page, system-wide physical 8057M (873M free)
TotalPageFile size 16249M (AvailPageFile size 10M)
current process WorkingSet (physical memory assigned to process): 79M, peak: 236M
current process commit charge ("private bytes"): 338M, peak: 368M

vm_info: OpenJDK 64-Bit Server VM (17.0.2+8-86) for windows-amd64 JRE (17.0.2+8-86), built on Dec  7 2021 21:49:10 by "mach5one" with MS VC++ 16.8 / 16.9 (VS2019)

END.
